{"level":"info","LOG_CONSOLE_ENABLED":true,"LOG_FILE_ENABLED":true,"LOG_FILE_FILENAME":"logs/api.log","LOG_FILE_MAX_SIZE":100,"LOG_FILE_MAX_AGE":7,"LOG_FILE_MAX_BACKUPS":0,"time":"2023-07-07T11:10:21+07:00","message":"Logging configured"}
{"level":"info","time":"2023-07-07T11:10:21+07:00","message":"Cache configured with redis."}
{"level":"fatal","error":"dial tcp 127.0.0.1:3008: connectex: No connection could be made because the target machine actively refused it.","driver":"mysql","host":"127.0.0.1","port":3008,"user":"root","password":"secret","db_name":"db_kms","time":"2023-07-07T11:10:23+07:00","message":"Failed to connect to main DB"}
{"level":"info","LOG_CONSOLE_ENABLED":true,"LOG_FILE_ENABLED":true,"LOG_FILE_FILENAME":"logs/api.log","LOG_FILE_MAX_SIZE":100,"LOG_FILE_MAX_AGE":7,"LOG_FILE_MAX_BACKUPS":0,"time":"2023-07-07T11:10:58+07:00","message":"Logging configured"}
{"level":"info","time":"2023-07-07T11:10:58+07:00","message":"Cache configured with redis."}
{"level":"fatal","error":"dial tcp 127.0.0.1:3008: connectex: No connection could be made because the target machine actively refused it.","driver":"mysql","host":"127.0.0.1","port":3008,"user":"root","password":"","db_name":"db_kms","time":"2023-07-07T11:11:00+07:00","message":"Failed to connect to main DB"}
{"level":"info","LOG_CONSOLE_ENABLED":true,"LOG_FILE_ENABLED":true,"LOG_FILE_FILENAME":"logs/api.log","LOG_FILE_MAX_SIZE":100,"LOG_FILE_MAX_AGE":7,"LOG_FILE_MAX_BACKUPS":0,"time":"2023-07-07T11:14:48+07:00","message":"Logging configured"}
{"level":"info","time":"2023-07-07T11:14:48+07:00","message":"Cache configured with redis."}
{"level":"fatal","error":"dial tcp 127.0.0.1:3008: connectex: No connection could be made because the target machine actively refused it.","driver":"mysql","host":"127.0.0.1","port":3008,"user":"root","password":"","db_name":"db_kms","time":"2023-07-07T11:14:50+07:00","message":"Failed to connect to main DB"}
{"level":"info","LOG_CONSOLE_ENABLED":true,"LOG_FILE_ENABLED":true,"LOG_FILE_FILENAME":"logs/api.log","LOG_FILE_MAX_SIZE":100,"LOG_FILE_MAX_AGE":7,"LOG_FILE_MAX_BACKUPS":0,"time":"2023-07-07T11:15:46+07:00","message":"Logging configured"}
{"level":"info","time":"2023-07-07T11:15:46+07:00","message":"Cache configured with redis."}
{"level":"fatal","error":"dial tcp 127.0.0.1:3008: connectex: No connection could be made because the target machine actively refused it.","driver":"mysql","host":"127.0.0.1","port":3008,"user":"root","password":"","db_name":"db_kms","time":"2023-07-07T11:15:48+07:00","message":"Failed to connect to main DB"}
{"level":"info","LOG_CONSOLE_ENABLED":true,"LOG_FILE_ENABLED":true,"LOG_FILE_FILENAME":"logs/api.log","LOG_FILE_MAX_SIZE":100,"LOG_FILE_MAX_AGE":7,"LOG_FILE_MAX_BACKUPS":0,"time":"2023-07-07T11:16:21+07:00","message":"Logging configured"}
{"level":"info","time":"2023-07-07T11:16:21+07:00","message":"Cache configured with redis."}
{"level":"fatal","error":"Error 1832 (HY000): Cannot change column 'id_pengetahuan': used in a foreign key constraint 'fk_pengetahuan_kapitalisasi_pengetahuan'","time":"2023-07-07T11:16:21+07:00"}
{"level":"info","LOG_CONSOLE_ENABLED":true,"LOG_FILE_ENABLED":true,"LOG_FILE_FILENAME":"logs/api.log","LOG_FILE_MAX_SIZE":100,"LOG_FILE_MAX_AGE":7,"LOG_FILE_MAX_BACKUPS":0,"time":"2023-07-07T11:31:29+07:00","message":"Logging configured"}
{"level":"info","time":"2023-07-07T11:31:29+07:00","message":"Cache configured with redis."}
{"level":"fatal","error":"Error 1832 (HY000): Cannot change column 'id_subjenis_pengetahuan': used in a foreign key constraint 'fk_subjenis_pengetahuan'","time":"2023-07-07T11:31:29+07:00"}
{"level":"info","LOG_CONSOLE_ENABLED":true,"LOG_FILE_ENABLED":true,"LOG_FILE_FILENAME":"logs/api.log","LOG_FILE_MAX_SIZE":100,"LOG_FILE_MAX_AGE":7,"LOG_FILE_MAX_BACKUPS":0,"time":"2023-07-07T11:36:20+07:00","message":"Logging configured"}
{"level":"info","time":"2023-07-07T11:36:20+07:00","message":"Cache configured with redis."}
{"level":"info","LOG_CONSOLE_ENABLED":true,"LOG_FILE_ENABLED":true,"LOG_FILE_FILENAME":"logs/api.log","LOG_FILE_MAX_SIZE":100,"LOG_FILE_MAX_AGE":7,"LOG_FILE_MAX_BACKUPS":0,"time":"2023-07-07T14:12:12+07:00","message":"Logging configured"}
{"level":"info","time":"2023-07-07T14:12:12+07:00","message":"Cache configured with redis."}
{"level":"info","LOG_CONSOLE_ENABLED":true,"LOG_FILE_ENABLED":true,"LOG_FILE_FILENAME":"logs/api.log","LOG_FILE_MAX_SIZE":100,"LOG_FILE_MAX_AGE":7,"LOG_FILE_MAX_BACKUPS":0,"time":"2023-07-07T14:17:53+07:00","message":"Logging configured"}
{"level":"info","time":"2023-07-07T14:17:53+07:00","message":"Cache configured with redis."}
{"level":"info","LOG_CONSOLE_ENABLED":true,"LOG_FILE_ENABLED":true,"LOG_FILE_FILENAME":"logs/api.log","LOG_FILE_MAX_SIZE":100,"LOG_FILE_MAX_AGE":7,"LOG_FILE_MAX_BACKUPS":0,"time":"2023-07-07T14:19:03+07:00","message":"Logging configured"}
{"level":"info","time":"2023-07-07T14:19:03+07:00","message":"Cache configured with redis."}
{"level":"info","LOG_CONSOLE_ENABLED":true,"LOG_FILE_ENABLED":true,"LOG_FILE_FILENAME":"logs/api.log","LOG_FILE_MAX_SIZE":100,"LOG_FILE_MAX_AGE":7,"LOG_FILE_MAX_BACKUPS":0,"time":"2023-07-07T14:49:46+07:00","message":"Logging configured"}
{"level":"info","time":"2023-07-07T14:49:46+07:00","message":"Cache configured with redis."}
{"level":"info","LOG_CONSOLE_ENABLED":true,"LOG_FILE_ENABLED":true,"LOG_FILE_FILENAME":"logs/api.log","LOG_FILE_MAX_SIZE":100,"LOG_FILE_MAX_AGE":7,"LOG_FILE_MAX_BACKUPS":0,"time":"2023-07-07T14:51:14+07:00","message":"Logging configured"}
{"level":"info","time":"2023-07-07T14:51:14+07:00","message":"Cache configured with redis."}
{"level":"info","LOG_CONSOLE_ENABLED":true,"LOG_FILE_ENABLED":true,"LOG_FILE_FILENAME":"logs/api.log","LOG_FILE_MAX_SIZE":100,"LOG_FILE_MAX_AGE":7,"LOG_FILE_MAX_BACKUPS":0,"time":"2023-07-07T14:59:00+07:00","message":"Logging configured"}
{"level":"info","time":"2023-07-07T14:59:00+07:00","message":"Cache configured with redis."}
{"level":"info","LOG_CONSOLE_ENABLED":true,"LOG_FILE_ENABLED":true,"LOG_FILE_FILENAME":"logs/api.log","LOG_FILE_MAX_SIZE":100,"LOG_FILE_MAX_AGE":7,"LOG_FILE_MAX_BACKUPS":0,"time":"2023-07-07T15:06:31+07:00","message":"Logging configured"}
{"level":"info","time":"2023-07-07T15:06:31+07:00","message":"Cache configured with redis."}
{"level":"info","LOG_CONSOLE_ENABLED":true,"LOG_FILE_ENABLED":true,"LOG_FILE_FILENAME":"logs/api.log","LOG_FILE_MAX_SIZE":100,"LOG_FILE_MAX_AGE":7,"LOG_FILE_MAX_BACKUPS":0,"time":"2023-07-07T15:19:03+07:00","message":"Logging configured"}
{"level":"info","time":"2023-07-07T15:19:03+07:00","message":"Cache configured with redis."}
{"level":"info","LOG_CONSOLE_ENABLED":true,"LOG_FILE_ENABLED":true,"LOG_FILE_FILENAME":"logs/api.log","LOG_FILE_MAX_SIZE":100,"LOG_FILE_MAX_AGE":7,"LOG_FILE_MAX_BACKUPS":0,"time":"2023-07-07T15:53:39+07:00","message":"Logging configured"}
{"level":"info","time":"2023-07-07T15:53:39+07:00","message":"Cache configured with redis."}
{"level":"info","LOG_CONSOLE_ENABLED":true,"LOG_FILE_ENABLED":true,"LOG_FILE_FILENAME":"logs/api.log","LOG_FILE_MAX_SIZE":100,"LOG_FILE_MAX_AGE":7,"LOG_FILE_MAX_BACKUPS":0,"time":"2023-07-07T15:56:10+07:00","message":"Logging configured"}
{"level":"info","time":"2023-07-07T15:56:10+07:00","message":"Cache configured with redis."}
{"level":"info","LOG_CONSOLE_ENABLED":true,"LOG_FILE_ENABLED":true,"LOG_FILE_FILENAME":"logs/api.log","LOG_FILE_MAX_SIZE":100,"LOG_FILE_MAX_AGE":7,"LOG_FILE_MAX_BACKUPS":0,"time":"2023-07-07T16:07:50+07:00","message":"Logging configured"}
{"level":"info","time":"2023-07-07T16:07:50+07:00","message":"Cache configured with redis."}
{"level":"info","LOG_CONSOLE_ENABLED":true,"LOG_FILE_ENABLED":true,"LOG_FILE_FILENAME":"logs/api.log","LOG_FILE_MAX_SIZE":100,"LOG_FILE_MAX_AGE":7,"LOG_FILE_MAX_BACKUPS":0,"time":"2023-07-10T22:47:47+07:00","message":"Logging configured"}
{"level":"info","time":"2023-07-10T22:47:47+07:00","message":"Cache configured with redis."}
{"level":"info","LOG_CONSOLE_ENABLED":true,"LOG_FILE_ENABLED":true,"LOG_FILE_FILENAME":"logs/api.log","LOG_FILE_MAX_SIZE":100,"LOG_FILE_MAX_AGE":7,"LOG_FILE_MAX_BACKUPS":0,"time":"2023-07-10T22:56:56+07:00","message":"Logging configured"}
{"level":"info","time":"2023-07-10T22:56:56+07:00","message":"Cache configured with redis."}
{"level":"info","LOG_CONSOLE_ENABLED":true,"LOG_FILE_ENABLED":true,"LOG_FILE_FILENAME":"logs/api.log","LOG_FILE_MAX_SIZE":100,"LOG_FILE_MAX_AGE":7,"LOG_FILE_MAX_BACKUPS":0,"time":"2023-07-10T23:02:54+07:00","message":"Logging configured"}
{"level":"info","time":"2023-07-10T23:02:54+07:00","message":"Cache configured with redis."}
{"level":"info","LOG_CONSOLE_ENABLED":true,"LOG_FILE_ENABLED":true,"LOG_FILE_FILENAME":"logs/api.log","LOG_FILE_MAX_SIZE":100,"LOG_FILE_MAX_AGE":7,"LOG_FILE_MAX_BACKUPS":0,"time":"2023-07-10T23:33:13+07:00","message":"Logging configured"}
{"level":"info","time":"2023-07-10T23:33:13+07:00","message":"Cache configured with redis."}
{"level":"info","LOG_CONSOLE_ENABLED":true,"LOG_FILE_ENABLED":true,"LOG_FILE_FILENAME":"logs/api.log","LOG_FILE_MAX_SIZE":100,"LOG_FILE_MAX_AGE":7,"LOG_FILE_MAX_BACKUPS":0,"time":"2023-07-10T23:39:54+07:00","message":"Logging configured"}
{"level":"info","time":"2023-07-10T23:39:54+07:00","message":"Cache configured with redis."}
{"level":"info","LOG_CONSOLE_ENABLED":true,"LOG_FILE_ENABLED":true,"LOG_FILE_FILENAME":"logs/api.log","LOG_FILE_MAX_SIZE":100,"LOG_FILE_MAX_AGE":7,"LOG_FILE_MAX_BACKUPS":0,"time":"2023-07-10T23:52:19+07:00","message":"Logging configured"}
{"level":"info","time":"2023-07-10T23:52:19+07:00","message":"Cache configured with redis."}
{"level":"info","LOG_CONSOLE_ENABLED":true,"LOG_FILE_ENABLED":true,"LOG_FILE_FILENAME":"logs/api.log","LOG_FILE_MAX_SIZE":100,"LOG_FILE_MAX_AGE":7,"LOG_FILE_MAX_BACKUPS":0,"time":"2023-07-10T23:54:24+07:00","message":"Logging configured"}
{"level":"info","time":"2023-07-10T23:54:24+07:00","message":"Cache configured with redis."}
{"level":"info","LOG_CONSOLE_ENABLED":true,"LOG_FILE_ENABLED":true,"LOG_FILE_FILENAME":"logs/api.log","LOG_FILE_MAX_SIZE":100,"LOG_FILE_MAX_AGE":7,"LOG_FILE_MAX_BACKUPS":0,"time":"2023-07-12T23:39:07+07:00","message":"Logging configured"}
{"level":"info","time":"2023-07-12T23:39:07+07:00","message":"Cache configured with redis."}
{"level":"info","LOG_CONSOLE_ENABLED":true,"LOG_FILE_ENABLED":true,"LOG_FILE_FILENAME":"logs/api.log","LOG_FILE_MAX_SIZE":100,"LOG_FILE_MAX_AGE":7,"LOG_FILE_MAX_BACKUPS":0,"time":"2023-07-12T23:41:40+07:00","message":"Logging configured"}
{"level":"info","time":"2023-07-12T23:41:40+07:00","message":"Cache configured with redis."}
{"level":"info","LOG_CONSOLE_ENABLED":true,"LOG_FILE_ENABLED":true,"LOG_FILE_FILENAME":"logs/api.log","LOG_FILE_MAX_SIZE":100,"LOG_FILE_MAX_AGE":7,"LOG_FILE_MAX_BACKUPS":0,"time":"2023-07-12T23:44:02+07:00","message":"Logging configured"}
{"level":"info","time":"2023-07-12T23:44:02+07:00","message":"Cache configured with redis."}
{"level":"info","LOG_CONSOLE_ENABLED":true,"LOG_FILE_ENABLED":true,"LOG_FILE_FILENAME":"logs/api.log","LOG_FILE_MAX_SIZE":100,"LOG_FILE_MAX_AGE":7,"LOG_FILE_MAX_BACKUPS":0,"time":"2023-07-12T23:46:48+07:00","message":"Logging configured"}
{"level":"info","time":"2023-07-12T23:46:48+07:00","message":"Cache configured with redis."}
{"level":"info","LOG_CONSOLE_ENABLED":true,"LOG_FILE_ENABLED":true,"LOG_FILE_FILENAME":"logs/api.log","LOG_FILE_MAX_SIZE":100,"LOG_FILE_MAX_AGE":7,"LOG_FILE_MAX_BACKUPS":0,"time":"2023-07-12T23:51:38+07:00","message":"Logging configured"}
{"level":"info","time":"2023-07-12T23:51:38+07:00","message":"Cache configured with redis."}
{"level":"info","LOG_CONSOLE_ENABLED":true,"LOG_FILE_ENABLED":true,"LOG_FILE_FILENAME":"logs/api.log","LOG_FILE_MAX_SIZE":100,"LOG_FILE_MAX_AGE":7,"LOG_FILE_MAX_BACKUPS":0,"time":"2023-07-19T23:51:21+07:00","message":"Logging configured"}
{"level":"info","time":"2023-07-19T23:51:21+07:00","message":"Cache configured with redis."}
{"level":"info","LOG_CONSOLE_ENABLED":true,"LOG_FILE_ENABLED":true,"LOG_FILE_FILENAME":"logs/api.log","LOG_FILE_MAX_SIZE":100,"LOG_FILE_MAX_AGE":7,"LOG_FILE_MAX_BACKUPS":0,"time":"2023-07-19T23:57:17+07:00","message":"Logging configured"}
{"level":"info","time":"2023-07-19T23:57:17+07:00","message":"Cache configured with redis."}
{"level":"info","LOG_CONSOLE_ENABLED":true,"LOG_FILE_ENABLED":true,"LOG_FILE_FILENAME":"logs/api.log","LOG_FILE_MAX_SIZE":100,"LOG_FILE_MAX_AGE":7,"LOG_FILE_MAX_BACKUPS":0,"time":"2023-07-20T00:03:16+07:00","message":"Logging configured"}
{"level":"info","time":"2023-07-20T00:03:16+07:00","message":"Cache configured with redis."}
{"level":"info","LOG_CONSOLE_ENABLED":true,"LOG_FILE_ENABLED":true,"LOG_FILE_FILENAME":"logs/api.log","LOG_FILE_MAX_SIZE":100,"LOG_FILE_MAX_AGE":7,"LOG_FILE_MAX_BACKUPS":0,"time":"2023-07-20T00:06:59+07:00","message":"Logging configured"}
{"level":"info","time":"2023-07-20T00:06:59+07:00","message":"Cache configured with redis."}
{"level":"info","LOG_CONSOLE_ENABLED":true,"LOG_FILE_ENABLED":true,"LOG_FILE_FILENAME":"logs/api.log","LOG_FILE_MAX_SIZE":100,"LOG_FILE_MAX_AGE":7,"LOG_FILE_MAX_BACKUPS":0,"time":"2023-07-20T00:21:10+07:00","message":"Logging configured"}
{"level":"info","time":"2023-07-20T00:21:10+07:00","message":"Cache configured with redis."}
{"level":"info","LOG_CONSOLE_ENABLED":true,"LOG_FILE_ENABLED":true,"LOG_FILE_FILENAME":"logs/api.log","LOG_FILE_MAX_SIZE":100,"LOG_FILE_MAX_AGE":7,"LOG_FILE_MAX_BACKUPS":0,"time":"2023-07-20T00:25:48+07:00","message":"Logging configured"}
{"level":"info","time":"2023-07-20T00:25:48+07:00","message":"Cache configured with redis."}
{"level":"info","LOG_CONSOLE_ENABLED":true,"LOG_FILE_ENABLED":true,"LOG_FILE_FILENAME":"logs/api.log","LOG_FILE_MAX_SIZE":100,"LOG_FILE_MAX_AGE":7,"LOG_FILE_MAX_BACKUPS":0,"time":"2023-07-20T00:29:50+07:00","message":"Logging configured"}
{"level":"info","time":"2023-07-20T00:29:50+07:00","message":"Cache configured with redis."}
{"level":"info","LOG_CONSOLE_ENABLED":true,"LOG_FILE_ENABLED":true,"LOG_FILE_FILENAME":"logs/api.log","LOG_FILE_MAX_SIZE":100,"LOG_FILE_MAX_AGE":7,"LOG_FILE_MAX_BACKUPS":0,"time":"2023-07-20T00:32:22+07:00","message":"Logging configured"}
{"level":"info","time":"2023-07-20T00:32:22+07:00","message":"Cache configured with redis."}
{"level":"info","LOG_CONSOLE_ENABLED":true,"LOG_FILE_ENABLED":true,"LOG_FILE_FILENAME":"logs/api.log","LOG_FILE_MAX_SIZE":100,"LOG_FILE_MAX_AGE":7,"LOG_FILE_MAX_BACKUPS":0,"time":"2023-07-20T00:38:06+07:00","message":"Logging configured"}
{"level":"info","time":"2023-07-20T00:38:06+07:00","message":"Cache configured with redis."}
{"level":"info","LOG_CONSOLE_ENABLED":true,"LOG_FILE_ENABLED":true,"LOG_FILE_FILENAME":"logs/api.log","LOG_FILE_MAX_SIZE":100,"LOG_FILE_MAX_AGE":7,"LOG_FILE_MAX_BACKUPS":0,"time":"2023-07-20T00:41:31+07:00","message":"Logging configured"}
{"level":"info","time":"2023-07-20T00:41:31+07:00","message":"Cache configured with redis."}
{"level":"info","LOG_CONSOLE_ENABLED":true,"LOG_FILE_ENABLED":true,"LOG_FILE_FILENAME":"logs/api.log","LOG_FILE_MAX_SIZE":100,"LOG_FILE_MAX_AGE":7,"LOG_FILE_MAX_BACKUPS":0,"time":"2023-07-20T00:45:36+07:00","message":"Logging configured"}
{"level":"info","time":"2023-07-20T00:45:36+07:00","message":"Cache configured with redis."}
{"level":"info","LOG_CONSOLE_ENABLED":true,"LOG_FILE_ENABLED":true,"LOG_FILE_FILENAME":"logs/api.log","LOG_FILE_MAX_SIZE":100,"LOG_FILE_MAX_AGE":7,"LOG_FILE_MAX_BACKUPS":0,"time":"2023-07-20T01:29:49+07:00","message":"Logging configured"}
{"level":"info","time":"2023-07-20T01:29:49+07:00","message":"Cache configured with redis."}
{"level":"info","LOG_CONSOLE_ENABLED":true,"LOG_FILE_ENABLED":true,"LOG_FILE_FILENAME":"logs/api.log","LOG_FILE_MAX_SIZE":100,"LOG_FILE_MAX_AGE":7,"LOG_FILE_MAX_BACKUPS":0,"time":"2023-07-20T01:30:57+07:00","message":"Logging configured"}
{"level":"info","time":"2023-07-20T01:30:57+07:00","message":"Cache configured with redis."}
{"level":"info","LOG_CONSOLE_ENABLED":true,"LOG_FILE_ENABLED":true,"LOG_FILE_FILENAME":"logs/api.log","LOG_FILE_MAX_SIZE":100,"LOG_FILE_MAX_AGE":7,"LOG_FILE_MAX_BACKUPS":0,"time":"2023-07-20T01:32:06+07:00","message":"Logging configured"}
{"level":"info","time":"2023-07-20T01:32:06+07:00","message":"Cache configured with redis."}
{"level":"info","LOG_CONSOLE_ENABLED":true,"LOG_FILE_ENABLED":true,"LOG_FILE_FILENAME":"logs/api.log","LOG_FILE_MAX_SIZE":100,"LOG_FILE_MAX_AGE":7,"LOG_FILE_MAX_BACKUPS":0,"time":"2023-07-20T01:34:21+07:00","message":"Logging configured"}
{"level":"info","time":"2023-07-20T01:34:21+07:00","message":"Cache configured with redis."}
{"level":"info","LOG_CONSOLE_ENABLED":true,"LOG_FILE_ENABLED":true,"LOG_FILE_FILENAME":"logs/api.log","LOG_FILE_MAX_SIZE":100,"LOG_FILE_MAX_AGE":7,"LOG_FILE_MAX_BACKUPS":0,"time":"2023-07-20T01:36:55+07:00","message":"Logging configured"}
{"level":"info","time":"2023-07-20T01:36:55+07:00","message":"Cache configured with redis."}
{"level":"info","LOG_CONSOLE_ENABLED":true,"LOG_FILE_ENABLED":true,"LOG_FILE_FILENAME":"logs/api.log","LOG_FILE_MAX_SIZE":100,"LOG_FILE_MAX_AGE":7,"LOG_FILE_MAX_BACKUPS":0,"time":"2023-07-20T01:39:36+07:00","message":"Logging configured"}
{"level":"info","time":"2023-07-20T01:39:36+07:00","message":"Cache configured with redis."}
{"level":"info","LOG_CONSOLE_ENABLED":true,"LOG_FILE_ENABLED":true,"LOG_FILE_FILENAME":"logs/api.log","LOG_FILE_MAX_SIZE":100,"LOG_FILE_MAX_AGE":7,"LOG_FILE_MAX_BACKUPS":0,"time":"2023-07-20T01:47:15+07:00","message":"Logging configured"}
{"level":"info","time":"2023-07-20T01:47:15+07:00","message":"Cache configured with redis."}
{"level":"info","LOG_CONSOLE_ENABLED":true,"LOG_FILE_ENABLED":true,"LOG_FILE_FILENAME":"logs/api.log","LOG_FILE_MAX_SIZE":100,"LOG_FILE_MAX_AGE":7,"LOG_FILE_MAX_BACKUPS":0,"time":"2023-07-20T01:51:59+07:00","message":"Logging configured"}
{"level":"info","time":"2023-07-20T01:51:59+07:00","message":"Cache configured with redis."}
{"level":"info","LOG_CONSOLE_ENABLED":true,"LOG_FILE_ENABLED":true,"LOG_FILE_FILENAME":"logs/api.log","LOG_FILE_MAX_SIZE":100,"LOG_FILE_MAX_AGE":7,"LOG_FILE_MAX_BACKUPS":0,"time":"2023-07-20T01:54:54+07:00","message":"Logging configured"}
{"level":"info","time":"2023-07-20T01:54:54+07:00","message":"Cache configured with redis."}
{"level":"info","LOG_CONSOLE_ENABLED":true,"LOG_FILE_ENABLED":true,"LOG_FILE_FILENAME":"logs/api.log","LOG_FILE_MAX_SIZE":100,"LOG_FILE_MAX_AGE":7,"LOG_FILE_MAX_BACKUPS":0,"time":"2023-07-20T02:01:33+07:00","message":"Logging configured"}
{"level":"info","time":"2023-07-20T02:01:33+07:00","message":"Cache configured with redis."}
{"level":"info","LOG_CONSOLE_ENABLED":true,"LOG_FILE_ENABLED":true,"LOG_FILE_FILENAME":"logs/api.log","LOG_FILE_MAX_SIZE":100,"LOG_FILE_MAX_AGE":7,"LOG_FILE_MAX_BACKUPS":0,"time":"2023-07-20T02:03:32+07:00","message":"Logging configured"}
{"level":"info","time":"2023-07-20T02:03:32+07:00","message":"Cache configured with redis."}
{"level":"info","LOG_CONSOLE_ENABLED":true,"LOG_FILE_ENABLED":true,"LOG_FILE_FILENAME":"logs/api.log","LOG_FILE_MAX_SIZE":100,"LOG_FILE_MAX_AGE":7,"LOG_FILE_MAX_BACKUPS":0,"time":"2023-07-20T02:05:19+07:00","message":"Logging configured"}
{"level":"info","time":"2023-07-20T02:05:19+07:00","message":"Cache configured with redis."}
{"level":"info","LOG_CONSOLE_ENABLED":true,"LOG_FILE_ENABLED":true,"LOG_FILE_FILENAME":"logs/api.log","LOG_FILE_MAX_SIZE":100,"LOG_FILE_MAX_AGE":7,"LOG_FILE_MAX_BACKUPS":0,"time":"2023-07-20T02:08:31+07:00","message":"Logging configured"}
{"level":"info","time":"2023-07-20T02:08:31+07:00","message":"Cache configured with redis."}
{"level":"info","LOG_CONSOLE_ENABLED":true,"LOG_FILE_ENABLED":true,"LOG_FILE_FILENAME":"logs/api.log","LOG_FILE_MAX_SIZE":100,"LOG_FILE_MAX_AGE":7,"LOG_FILE_MAX_BACKUPS":0,"time":"2023-07-20T02:16:17+07:00","message":"Logging configured"}
{"level":"info","time":"2023-07-20T02:16:17+07:00","message":"Cache configured with redis."}
{"level":"info","LOG_CONSOLE_ENABLED":true,"LOG_FILE_ENABLED":true,"LOG_FILE_FILENAME":"logs/api.log","LOG_FILE_MAX_SIZE":100,"LOG_FILE_MAX_AGE":7,"LOG_FILE_MAX_BACKUPS":0,"time":"2023-07-20T02:19:00+07:00","message":"Logging configured"}
{"level":"info","time":"2023-07-20T02:19:00+07:00","message":"Cache configured with redis."}
{"level":"info","LOG_CONSOLE_ENABLED":true,"LOG_FILE_ENABLED":true,"LOG_FILE_FILENAME":"logs/api.log","LOG_FILE_MAX_SIZE":100,"LOG_FILE_MAX_AGE":7,"LOG_FILE_MAX_BACKUPS":0,"time":"2023-07-20T02:20:42+07:00","message":"Logging configured"}
{"level":"info","time":"2023-07-20T02:20:42+07:00","message":"Cache configured with redis."}
{"level":"info","LOG_CONSOLE_ENABLED":true,"LOG_FILE_ENABLED":true,"LOG_FILE_FILENAME":"logs/api.log","LOG_FILE_MAX_SIZE":100,"LOG_FILE_MAX_AGE":7,"LOG_FILE_MAX_BACKUPS":0,"time":"2023-07-20T02:32:47+07:00","message":"Logging configured"}
{"level":"info","time":"2023-07-20T02:32:48+07:00","message":"Cache configured with redis."}
{"level":"info","LOG_CONSOLE_ENABLED":true,"LOG_FILE_ENABLED":true,"LOG_FILE_FILENAME":"logs/api.log","LOG_FILE_MAX_SIZE":100,"LOG_FILE_MAX_AGE":7,"LOG_FILE_MAX_BACKUPS":0,"time":"2023-07-20T13:47:26+07:00","message":"Logging configured"}
{"level":"info","time":"2023-07-20T13:47:26+07:00","message":"Cache configured with redis."}
{"level":"info","LOG_CONSOLE_ENABLED":true,"LOG_FILE_ENABLED":true,"LOG_FILE_FILENAME":"logs/api.log","LOG_FILE_MAX_SIZE":100,"LOG_FILE_MAX_AGE":7,"LOG_FILE_MAX_BACKUPS":0,"time":"2023-07-20T14:03:39+07:00","message":"Logging configured"}
{"level":"info","time":"2023-07-20T14:03:39+07:00","message":"Cache configured with redis."}
{"level":"info","LOG_CONSOLE_ENABLED":true,"LOG_FILE_ENABLED":true,"LOG_FILE_FILENAME":"logs/api.log","LOG_FILE_MAX_SIZE":100,"LOG_FILE_MAX_AGE":7,"LOG_FILE_MAX_BACKUPS":0,"time":"2023-07-20T14:22:22+07:00","message":"Logging configured"}
{"level":"info","time":"2023-07-20T14:22:23+07:00","message":"Cache configured with redis."}
{"level":"info","LOG_CONSOLE_ENABLED":true,"LOG_FILE_ENABLED":true,"LOG_FILE_FILENAME":"logs/api.log","LOG_FILE_MAX_SIZE":100,"LOG_FILE_MAX_AGE":7,"LOG_FILE_MAX_BACKUPS":0,"time":"2023-07-20T15:10:27+07:00","message":"Logging configured"}
{"level":"info","time":"2023-07-20T15:10:28+07:00","message":"Cache configured with redis."}
{"level":"info","LOG_CONSOLE_ENABLED":true,"LOG_FILE_ENABLED":true,"LOG_FILE_FILENAME":"logs/api.log","LOG_FILE_MAX_SIZE":100,"LOG_FILE_MAX_AGE":7,"LOG_FILE_MAX_BACKUPS":0,"time":"2023-07-20T15:13:49+07:00","message":"Logging configured"}
{"level":"info","time":"2023-07-20T15:13:49+07:00","message":"Cache configured with redis."}
{"level":"info","LOG_CONSOLE_ENABLED":true,"LOG_FILE_ENABLED":true,"LOG_FILE_FILENAME":"logs/api.log","LOG_FILE_MAX_SIZE":100,"LOG_FILE_MAX_AGE":7,"LOG_FILE_MAX_BACKUPS":0,"time":"2023-07-20T15:30:17+07:00","message":"Logging configured"}
{"level":"info","time":"2023-07-20T15:30:17+07:00","message":"Cache configured with redis."}
